c:\users\dpthf\documents\visual studio 2017\projects\자료구조\자료구조\debug\vc141.pdb
c:\users\dpthf\documents\visual studio 2017\projects\자료구조\자료구조\debug\vc141.idb
c:\users\dpthf\documents\visual studio 2017\projects\자료구조\자료구조\debug\소스.obj
c:\users\dpthf\documents\visual studio 2017\projects\자료구조\자료구조\debug\160329.obj
c:\users\dpthf\documents\visual studio 2017\projects\자료구조\자료구조\debug\160331.obj
c:\users\dpthf\documents\visual studio 2017\projects\자료구조\자료구조\debug\오목갯수세기.obj
c:\users\dpthf\documents\visual studio 2017\projects\자료구조\자료구조\debug\160406오목.obj
c:\users\dpthf\documents\visual studio 2017\projects\자료구조\자료구조\debug\160407오목.obj
c:\users\dpthf\documents\visual studio 2017\projects\자료구조\자료구조\debug\160413배열삭제.obj
c:\users\dpthf\documents\visual studio 2017\projects\자료구조\자료구조\debug\160428오목저장하기무르기.obj
c:\users\dpthf\documents\visual studio 2017\projects\자료구조\자료구조\debug\160511.obj
c:\users\dpthf\documents\visual studio 2017\projects\자료구조\debug\자료구조.ilk
c:\users\dpthf\documents\visual studio 2017\projects\자료구조\debug\자료구조.exe
c:\users\dpthf\documents\visual studio 2017\projects\자료구조\debug\자료구조.pdb
c:\users\dpthf\documents\visual studio 2017\projects\자료구조\자료구조\debug\자료구조.tlog\cl.command.1.tlog
c:\users\dpthf\documents\visual studio 2017\projects\자료구조\자료구조\debug\자료구조.tlog\cl.read.1.tlog
c:\users\dpthf\documents\visual studio 2017\projects\자료구조\자료구조\debug\자료구조.tlog\cl.write.1.tlog
c:\users\dpthf\documents\visual studio 2017\projects\자료구조\자료구조\debug\자료구조.tlog\link-cvtres.read.1.tlog
c:\users\dpthf\documents\visual studio 2017\projects\자료구조\자료구조\debug\자료구조.tlog\link-cvtres.write.1.tlog
c:\users\dpthf\documents\visual studio 2017\projects\자료구조\자료구조\debug\자료구조.tlog\link-rc.read.1.tlog
c:\users\dpthf\documents\visual studio 2017\projects\자료구조\자료구조\debug\자료구조.tlog\link-rc.write.1.tlog
c:\users\dpthf\documents\visual studio 2017\projects\자료구조\자료구조\debug\자료구조.tlog\link.13328-cvtres.read.1.tlog
c:\users\dpthf\documents\visual studio 2017\projects\자료구조\자료구조\debug\자료구조.tlog\link.13328-cvtres.write.1.tlog
c:\users\dpthf\documents\visual studio 2017\projects\자료구조\자료구조\debug\자료구조.tlog\link.13328-rc.read.1.tlog
c:\users\dpthf\documents\visual studio 2017\projects\자료구조\자료구조\debug\자료구조.tlog\link.13328-rc.write.1.tlog
c:\users\dpthf\documents\visual studio 2017\projects\자료구조\자료구조\debug\자료구조.tlog\link.13328.read.1.tlog
c:\users\dpthf\documents\visual studio 2017\projects\자료구조\자료구조\debug\자료구조.tlog\link.13328.write.1.tlog
c:\users\dpthf\documents\visual studio 2017\projects\자료구조\자료구조\debug\자료구조.tlog\link.command.1.tlog
c:\users\dpthf\documents\visual studio 2017\projects\자료구조\자료구조\debug\자료구조.tlog\link.read.1.tlog
c:\users\dpthf\documents\visual studio 2017\projects\자료구조\자료구조\debug\자료구조.tlog\link.write.1.tlog
